<?xml version="1.0" encoding="UTF-8"?>
<testsuite xmlns:xsi="http://www.w3.org/2001/XMLSchema-instance" xsi:noNamespaceSchemaLocation="https://maven.apache.org/surefire/maven-surefire-plugin/xsd/surefire-test-report-3.0.xsd" version="3.0" name="org.suai.protocol.GQServiceTest" time="6.312" tests="2" errors="0" skipped="0" failures="0">
  <properties>
    <property name="java.specification.version" value="17"/>
    <property name="sun.cpu.isalist" value="amd64"/>
    <property name="sun.jnu.encoding" value="Cp1252"/>
    <property name="java.class.path" value="C:\Users\Raven\Desktop\Protocolos Probados\Oficial\GuillouQuisquater\target\test-classes;C:\Users\Raven\Desktop\Protocolos Probados\Oficial\GuillouQuisquater\target\classes;C:\Users\Raven\.m2\repository\org\projectlombok\lombok\1.18.28\lombok-1.18.28.jar;C:\Users\Raven\.m2\repository\org\junit\jupiter\junit-jupiter\5.8.2\junit-jupiter-5.8.2.jar;C:\Users\Raven\.m2\repository\org\junit\jupiter\junit-jupiter-api\5.8.2\junit-jupiter-api-5.8.2.jar;C:\Users\Raven\.m2\repository\org\opentest4j\opentest4j\1.2.0\opentest4j-1.2.0.jar;C:\Users\Raven\.m2\repository\org\junit\platform\junit-platform-commons\1.8.2\junit-platform-commons-1.8.2.jar;C:\Users\Raven\.m2\repository\org\apiguardian\apiguardian-api\1.1.2\apiguardian-api-1.1.2.jar;C:\Users\Raven\.m2\repository\org\junit\jupiter\junit-jupiter-params\5.8.2\junit-jupiter-params-5.8.2.jar;C:\Users\Raven\.m2\repository\org\junit\jupiter\junit-jupiter-engine\5.8.2\junit-jupiter-engine-5.8.2.jar;C:\Users\Raven\.m2\repository\org\junit\platform\junit-platform-engine\1.8.2\junit-platform-engine-1.8.2.jar;"/>
    <property name="java.vm.vendor" value="Oracle Corporation"/>
    <property name="sun.arch.data.model" value="64"/>
    <property name="user.variant" value=""/>
    <property name="java.vendor.url" value="https://java.oracle.com/"/>
    <property name="user.timezone" value="America/Guatemala"/>
    <property name="os.name" value="Windows 10"/>
    <property name="java.vm.specification.version" value="17"/>
    <property name="sun.java.launcher" value="SUN_STANDARD"/>
    <property name="user.country" value="MX"/>
    <property name="sun.boot.library.path" value="C:\Program Files\Java\jdk-17\bin"/>
    <property name="sun.java.command" value="C:\Users\Raven\AppData\Local\Temp\surefire13272340107374286954\surefirebooter-20241015230453753_3.jar C:\Users\Raven\AppData\Local\Temp\surefire13272340107374286954 2024-10-15T23-04-53_412-jvmRun1 surefire-20241015230453753_1tmp surefire_0-20241015230453753_2tmp"/>
    <property name="jdk.debug" value="release"/>
    <property name="surefire.test.class.path" value="C:\Users\Raven\Desktop\Protocolos Probados\Oficial\GuillouQuisquater\target\test-classes;C:\Users\Raven\Desktop\Protocolos Probados\Oficial\GuillouQuisquater\target\classes;C:\Users\Raven\.m2\repository\org\projectlombok\lombok\1.18.28\lombok-1.18.28.jar;C:\Users\Raven\.m2\repository\org\junit\jupiter\junit-jupiter\5.8.2\junit-jupiter-5.8.2.jar;C:\Users\Raven\.m2\repository\org\junit\jupiter\junit-jupiter-api\5.8.2\junit-jupiter-api-5.8.2.jar;C:\Users\Raven\.m2\repository\org\opentest4j\opentest4j\1.2.0\opentest4j-1.2.0.jar;C:\Users\Raven\.m2\repository\org\junit\platform\junit-platform-commons\1.8.2\junit-platform-commons-1.8.2.jar;C:\Users\Raven\.m2\repository\org\apiguardian\apiguardian-api\1.1.2\apiguardian-api-1.1.2.jar;C:\Users\Raven\.m2\repository\org\junit\jupiter\junit-jupiter-params\5.8.2\junit-jupiter-params-5.8.2.jar;C:\Users\Raven\.m2\repository\org\junit\jupiter\junit-jupiter-engine\5.8.2\junit-jupiter-engine-5.8.2.jar;C:\Users\Raven\.m2\repository\org\junit\platform\junit-platform-engine\1.8.2\junit-platform-engine-1.8.2.jar;"/>
    <property name="sun.cpu.endian" value="little"/>
    <property name="user.home" value="C:\Users\Raven"/>
    <property name="user.language" value="es"/>
    <property name="java.specification.vendor" value="Oracle Corporation"/>
    <property name="java.version.date" value="2024-04-16"/>
    <property name="java.home" value="C:\Program Files\Java\jdk-17"/>
    <property name="file.separator" value="\"/>
    <property name="basedir" value="C:\Users\Raven\Desktop\Protocolos Probados\Oficial\GuillouQuisquater"/>
    <property name="java.vm.compressedOopsMode" value="32-bit"/>
    <property name="line.separator" value="&#10;"/>
    <property name="java.vm.specification.vendor" value="Oracle Corporation"/>
    <property name="java.specification.name" value="Java Platform API Specification"/>
    <property name="surefire.real.class.path" value="C:\Users\Raven\AppData\Local\Temp\surefire13272340107374286954\surefirebooter-20241015230453753_3.jar"/>
    <property name="user.script" value=""/>
    <property name="sun.management.compiler" value="HotSpot 64-Bit Tiered Compilers"/>
    <property name="java.runtime.version" value="17.0.11+7-LTS-207"/>
    <property name="user.name" value="Raven"/>
    <property name="path.separator" value=";"/>
    <property name="os.version" value="10.0"/>
    <property name="java.runtime.name" value="Java(TM) SE Runtime Environment"/>
    <property name="file.encoding" value="Cp1252"/>
    <property name="java.vm.name" value="Java HotSpot(TM) 64-Bit Server VM"/>
    <property name="localRepository" value="C:\Users\Raven\.m2\repository"/>
    <property name="java.vendor.url.bug" value="https://bugreport.java.com/bugreport/"/>
    <property name="java.io.tmpdir" value="C:\Users\Raven\AppData\Local\Temp\"/>
    <property name="java.version" value="17.0.11"/>
    <property name="user.dir" value="C:\Users\Raven\Desktop\Protocolos Probados\Oficial\GuillouQuisquater"/>
    <property name="os.arch" value="amd64"/>
    <property name="java.vm.specification.name" value="Java Virtual Machine Specification"/>
    <property name="sun.os.patch.level" value=""/>
    <property name="native.encoding" value="Cp1252"/>
    <property name="java.library.path" value="C:\Program Files\Java\jdk-17\bin;C:\Windows\Sun\Java\bin;C:\Windows\system32;C:\Windows;C:\Program Files\Common Files\Oracle\Java\javapath;C:\Windows\system32;C:\Windows;C:\Windows\System32\Wbem;C:\Windows\System32\WindowsPowerShell\v1.0\;C:\Windows\System32\OpenSSH\;C:\Program Files\apache-maven-3.9.8\bin;C:\Users\Raven\AppData\Local\Programs\Python\Python312\Scripts\;C:\Users\Raven\AppData\Local\Programs\Python\Python312\;C:\Users\Raven\AppData\Local\Programs\Python\Python37\Scripts\;C:\Users\Raven\AppData\Local\Programs\Python\Python37\;C:\Users\Raven\.cargo\bin;C:\Users\Raven\AppData\Local\Microsoft\WindowsApps;;C:\Users\Raven\AppData\Local\Programs\Microsoft VS Code\bin;."/>
    <property name="java.vm.info" value="mixed mode, sharing"/>
    <property name="java.vendor" value="Oracle Corporation"/>
    <property name="java.vm.version" value="17.0.11+7-LTS-207"/>
    <property name="sun.io.unicode.encoding" value="UnicodeLittle"/>
    <property name="java.class.version" value="61.0"/>
  </properties>
  <testcase name="unitTest1" classname="org.suai.protocol.GQServiceTest" time="3.129">
    <system-out><![CDATA[Informacion publica de Peggy: J = 25940050552770324801285682595067542804895946309869454133119162894822729685842086409375863737568734478294879820970416357769407664044713526302147173259783544510094957198067726383231481056316555611786722655627099448085347028040008316287411728224884018385214681173913837111301920656716961358288764394176961188866999321364887522649229908920259242915841479856973102707812507946793003100390849469975379639078123982740044755446368097196254861429587838137823459881781503160052381860728195029693391607588886374962923253937013477086087115014708333188782160746705923359966218067665222713441041323484606245429048566790431788333023, v = 17985271274424471079373148946540158598922068059039602625568285238006208847322541176604433514247233217914418499179579674353111048981174948688916580584870600871189551296040139201125702342797712196846149148732964303809831229383778193563913478279603722764867667758176121435117536397191479193127368970266930891459904790832068576469047703383345143473327924766032047399129078857386100741563490666403872642387441394870545165178954781051071463404703534399545087428653119007813079046287717610457901757812388439115152307932687178802036665155626851142383108027329136174858841100911881220403491872240946724090442310200053308123221, n = 22342748169124610340091926170166211527438739117491407121674819400163585343990752097059507786147501383662996594444780454597059030744272310404070115102878951605356245733244962681417996765612748173110501414691855937870710241989724882000363154397253626545823025806537041128191723363225202538908528618149292997566089817791625023271424033951959789558151499940845972935016246256199564471032192854965863075994408129414089034337118943415863675509208104782081481407882319592231224500007106533495906505694280531064781112411862674420712616989784039207730375563714256931845520019783099792218153469805895814759580911088904498119127.
Clave privada B = 16269095835011683289278389604422582711378617579810607868518464626017265889767715424769884343883185186544646929446160372349693573459665372872179674183836649786780756439877497421230639271351697650631924868531594225710829118696640039196073339034757806832474812768365767980337823133168199448655438421943063213258534187938005821791145031642400672819768767983208435217661795474383696101270189066537163434400428311552216661089318927638936787414908963935554709234375002465461470006319387989840141419996240548651244356522466727969061705216371107553140848391530993697483557715534935667325978334023953471041175516626043087638027

--- Paso 1 ---
Peggy eligió un número aleatorio r = 451560838698691457504024005583439035910913760140377624373934406122988057320906818501409642909331360788128201486640293425420329321963708682024122505342926094496473489732735850453400504825632608853617769567674459220576404807661451331366676607636666906242796774780529173485660696120497681238254924788858617337333578390192689017803378811238899147881245472514177279023056927745491026018125884652077159309847935941003244826353262847119470248242145856278829488880078241476044864471271570406054352154805816912004970123532314059235948913396511531448365371230768015629675551002879629791368980773700879405817579269232853330193
Calculó T = 12510900266624832940178649905751260245601642691391821359932340345687955422360748767846666206266804972357475212921869521283152499154508201244243740026139556309346941374434118084470282307472499414068862800108614439551555126170577552287678506426528425124875333756855706415124774754258374050823131258582145727313919744840820182007469105967570902639053660449565902221371489945274039783377707034647455199524050091409443121519043443993735924293982787390100306867894742620689996258929880883253179088913944851245914710007595441137719350542760011777498457259769190367605825327278670424238355878653349084485082452391644287430213 y lo envió a Víctor


--- Paso 2 ---
Víctor eligió un número aleatorio d = 13645456669937900075974201926510753678765383229562627427061825961669529911922712071098126160239872579358181855924329395828968742144250695554642499121755692948468311163748195921724781199568767804675992558051623528249389708452557747787099450939275938881328336092282216295827587403971173324201213494566154674945052181299063820238588689823600932372512770223687493903370186668534902409770941394434089176952831152038208469642286286255761959760084736795760550506793926160746548538781215684746994331753660562385672473594274516627089155248064029438494052767181986153659510998133812508311253025042153231118149134842399692453396 y se lo envió a Peggy


--- Paso 3 ---
Peggy calculó D = 19561956510891375326685977439976288009071205183214796059271323888608056554600667043075318139626867783432978041774771363077565784827398487185087270149234200621138698855751620698625620952192563171002372136819974398624782245923678835559269809644926259774391241904365343867168737677676611269469841659066663800163815277442209310576737584969923487937184973460772738347175832487370559797914611917927029452777114418309510920048068570297398090582930185186079257660287565995607971109596135671805253349854828439640379516203240118566644155376573381989379381338415739762504756909528940103689559719616683284829350068847743272682691 y se lo envió a Víctor

Excepción capturada correctamente: La autenticidad de Peggy no se ha demostrado, ya que T' != T
T = 12510900266624832940178649905751260245601642691391821359932340345687955422360748767846666206266804972357475212921869521283152499154508201244243740026139556309346941374434118084470282307472499414068862800108614439551555126170577552287678506426528425124875333756855706415124774754258374050823131258582145727313919744840820182007469105967570902639053660449565902221371489945274039783377707034647455199524050091409443121519043443993735924293982787390100306867894742620689996258929880883253179088913944851245914710007595441137719350542760011777498457259769190367605825327278670424238355878653349084485082452391644287430213, T' = 15369115913748848618282069221925218295429372987599589723881607096094752147663672931851713976066510236281077240649621463100260617816520652545686096647219194517019380166172955954471498155326637960910120082104946745216870793358452224381415542168715214395403368491077753182997665027139964590372276137662720910873155573026893304545886669910980218943684084443720937857752595241193122827658042932402491721430482478542738593368513893040633181799850089604851026012926203231294803319487736140286150401465635927820129200401482406196389242048360469641459657891803455531972193689129453061719684614161615901007962635362283794000634
]]></system-out>
  </testcase>
  <testcase name="unitTest2" classname="org.suai.protocol.GQServiceTest" time="3.112">
    <system-out><![CDATA[Informacion publica de Peggy: J = 23525022875657448132912827385828133765027320759796244380100086179466718132687915825787357733606734870703179964934026713039212074077748489614124141690186397304924146680191922391797664365396607239473223158694320533268837112651517949203578354086796492314845059297439210893946537284158457161439161635155888835855077703900396314316670612897440210235089703686698816277656735405357223870560182962450229543180439796238329516042908352577255035936696087347102862168642889391617467102843726127945625425694986280538160810998759080417469755305244662957192854104222146937334780781292018956264096589359065990313694291314819338267837, v = 25189297614534401250245489561868246415446150390129969372204503793792731529686433066780288691656776301485645344050357391308530253665610649960030941223609899330138731161371623730999270827838418669524543971981767936958101229837198828281058523934574551169403483947765809380529284320513555283041905065838444882366944394223784542871523110330259685483595763578585534940543983638753727580071692865545490355783186714692428690836062599797997944451234091703104879277017429276843682931416401456421324447967170348577434866238523530496699690724413682869297197725747687890917750937154363705391634040040502733107341517806442718280543, n = 444554285168035338281649703734427425460572331153340687445769489419110009789290323933409394011909904246726284391131864371716017215802776647833415096034097277469053939666782065997264483771015540356592592958073718615549551063206509572900445326703139133686763922445143268614013295650521371664960385054335165147412428053870214435547207074193625790514012010973679180875950365589019912161600342495679397005463467472189016855903782748344373235321125763288591575316549412690064749761335602567031024751996264369573145743821598483877121878690684338148322603497100601267170987787150508492467818504053034288538467244555909143072123660107582853021735014112512392622442844615535129280777250877302294320611761201531957830234800069627684310373172387172938770733809023845517881431928143799607303018362111398089452762256493950714588560505221898154854053122776195876441640629878112292003077493509849838927666039021525784836045933309941750221933532263454718398861652324625684121232477404314862591051818430444295223155894972916516864164185236913213530325556162070019895696342990108445540043862059174533370521740123543362348035349255535179948883235426913994279632223412709291216254178749635405545356919903664816137958759870187690819491131204401339878566831.
Clave privada B = 78149513269668030499688602989494241348512251783647682406082865672080457964588721361779111426376475821240243018603112645886671827235274931942225611317914804179416805403101416836517116323712792579570127026462221162286411657057889517622284990733959681858130697506045703098041620139377363236389299127244389500019577856342097037727181986830193065905837646133015568953211508614961281906263511314801490853673727409063013486206844944847940626537080945515156069858021129891175892900674975152507083817134718930335032086610903113953687406711689753900923484244474143373242076162583613610424713785112997212956369610687857249685247574843430121753659558022216178611485988081802479076089197899259231735876452114322733587329170792233122885642404362256661696447993844811669224412121392095096978805641465755505364998230117946390669762719690034651560374676786903212805186445784288776269364373098260342363766094011591725778549777428142399800688316545561862609299835632775766165231442676969158048348200025438882309824524685621914889803859077294441004630333639405971283154956086900061655589125802030614202912030399897327940427199254789778058327208442438676633596991687217932809780191097594826024533780897463431901625107382337903408334088191226268622103768

--- Paso 1 ---
Peggy eligió un número aleatorio r = 49864699280621033119192966113864006694604778543932805208784567857659477599710699725504763084734770495120555737345368134573623043454156736989435605378738499794695809570152998148352763186100660368724194908309645664368259690969652076935328888185412122857139499850962920668459408763342786814072430047978866367457481491135357298730959797563900479379660770486610624417157048985237975745981703450790373727817904656438066348203178367907435071597966493107939453222579996231275652784535089803534380085467876141686045714793594759136386278620421855544300358887425952653634236131270070137899521765397421932729524613622627473832497910446463600848924745725933861975517086540685057574299858649438441948325455281437155824267292157892646021437421361840918224749219254971173855045914841886016563709432613038114423801382204918887587034138306170330700416914423979279425415916274150024546223226413881404350157011867336604298019790497035945785328262173768293844796087100905790392141554540264586656533827118750255371041082593787106593649491758792597234079391072759540782209447434864550307556416154389711137554076337894855082202241278357974316088239782782307743594291593259890093748663702149479132427077174420310594064134083771655806592661615261644854737239
Calculó T = 250722199066843549833036864760585576073179832735742570660072396422426017376142552566818489209793064050489347364216268498604580232963013004267680612462353654848985093702955053235282219604238303229400755001313935413792071409442582679237380649875035912201724466914064256161837193877941374265129295468898832565141941518924220955765976844752244922112932824223222954719751935656510045628956081306248968059174671306482368267963216136789678218316742940044532822637376880998641189803922513442370493164031308682165904587615949667808714804857872475766936659343742591437512081581143249390911702554715017623818800903130999339054047252199025543532309463919622506644098408693611783599562621936688423180283072340456086423392421865520882587558149636428105461996390573686259491361584693037152522525625941792185304253603245536321572153944728705523578728562724511358238607727105350443012763099396023219892464143071372991596572712723512185717222659770355101814702729772944253595824300742224522004839029999900158173148778267490854701166635446932983042029328825214506444561612185905763944935826741878719268833910652348703738653398522648326974938672766897376681213653267000534026649655039838148797889662681104468436973948794178799058961186734911958826733536 y lo envió a Víctor


--- Paso 2 ---
Víctor eligió un número aleatorio d = 1775761276511506370818405522742045715642820227289232345223107977422887466078877386096013701810023878528839026230638290046999017150977477527947107992964025618020272249998281323157254043154987350562308952285879754173150456801694013358358326756260001429727895413537293557595342572026712033378382627012166995606732472215266017247400289143317024647780164104383789417154347861538727997694997623366587957142545421742016278083312893904016133255575445144006953548516025126845151218477403392334302214743248137840462293758375212297960101480543731077202115577073840969194838425956384642814830840110690349269840244250891424992113 y se lo envió a Peggy


--- Paso 3 ---
Peggy calculó D = 229686263364484794591546971909451777367539630953877229362227438326699524550463311943570542740518257348549559998271852897806555923135855877221329392947968818552772003864197244110832589400293427138024253398069904955491189074882424669272516967768747817071163715396537055136602054380121601168410639966982368169285036261173345492316873639285064180713362268668851335823497074252260486596453180154914866979817386548357197343135052467339965589052896090571083197367146084237274065909568224575472999253901710249985563057773334002779613960264369703509712358658570692043307353051221114207699042479979256664197632260878332597583389341134591580118808611513863809317817840416229953872124827078136952481803268718909266992288270319410669326246412014030295383996984980394208675046785779144154082394378465844485579491758255226630682564834860381325500548592444952500887055118601060619434456529768150924395431650600775343195042443457183986968813711759017335472997857258002286285343627044338590447860359485553614515323752074801328303820631918696351686270590746996622545205448775199474654285658978460666688330360207023342049898278180380439574874981675972470413654274642404653097885533701131223277165371890129564773254777891608687762875520795066645344138189 y se lo envió a Víctor


--- Paso 4 ---
Víctor calculó T' = 250722199066843549833036864760585576073179832735742570660072396422426017376142552566818489209793064050489347364216268498604580232963013004267680612462353654848985093702955053235282219604238303229400755001313935413792071409442582679237380649875035912201724466914064256161837193877941374265129295468898832565141941518924220955765976844752244922112932824223222954719751935656510045628956081306248968059174671306482368267963216136789678218316742940044532822637376880998641189803922513442370493164031308682165904587615949667808714804857872475766936659343742591437512081581143249390911702554715017623818800903130999339054047252199025543532309463919622506644098408693611783599562621936688423180283072340456086423392421865520882587558149636428105461996390573686259491361584693037152522525625941792185304253603245536321572153944728705523578728562724511358238607727105350443012763099396023219892464143071372991596572712723512185717222659770355101814702729772944253595824300742224522004839029999900158173148778267490854701166635446932983042029328825214506444561612185905763944935826741878719268833910652348703738653398522648326974938672766897376681213653267000534026649655039838148797889662681104468436973948794178799058961186734911958826733536.
T' = T, por lo tanto, la autenticidad de Peggy se ha demostrado.

Prueba exitosa: T_ es igual a T
]]></system-out>
  </testcase>
</testsuite>